MyLoginAccountApp/Account/app/build/intermediates/manifest_merge_blame_file/debug/manifest-merger-blame-debug-report.txt
1<?xml version="1.0" encoding="utf-8"?>
2<manifest xmlns:android="http://schemas.android.com/apk/res/android"
3    package="com.example.myaccount"
4    android:versionCode="1"
5    android:versionName="1.0" >
6
7    <uses-sdk
8        android:minSdkVersion="28"
8-->src\main\AndroidManifest.xml
9        android:targetSdkVersion="32" />
9-->src\main\AndroidManifest.xml
10
11    <queries>
11-->src\main\AndroidManifest.xml:61:5-63:15
12        <package android:name="com.example.myaccount" />
12-->src\main\AndroidManifest.xml:62:9-57
12-->src\main\AndroidManifest.xml:62:18-54
13    </queries>
14
15    <application
15-->src\main\AndroidManifest.xml:6:5-60:19
16        android:allowBackup="true"
16-->src\main\AndroidManifest.xml:7:9-35
17        android:appComponentFactory="androidx.core.app.CoreComponentFactory"
17-->[androidx.core:core:1.5.0] AndroidManifest.xml:24:18-86
18        android:dataExtractionRules="@xml/data_extraction_rules"
18-->src\main\AndroidManifest.xml:8:9-65
19        android:debuggable="true"
20        android:extractNativeLibs="false"
21        android:fullBackupContent="@xml/backup_rules"
21-->src\main\AndroidManifest.xml:9:9-54
22        android:icon="@mipmap/ic_launcher"
22-->src\main\AndroidManifest.xml:10:9-43
23        android:label="@string/app_name"
23-->src\main\AndroidManifest.xml:11:9-41
24        android:roundIcon="@mipmap/ic_launcher_round"
24-->src\main\AndroidManifest.xml:12:9-54
25        android:supportsRtl="true"
25-->src\main\AndroidManifest.xml:13:9-35
26        android:testOnly="true"
27        android:theme="@style/Theme.MyAccount" >
27-->src\main\AndroidManifest.xml:14:9-47
28        <service
28-->src\main\AndroidManifest.xml:16:9-23:19
29            android:name="com.example.myaccount.MyService"
29-->src\main\AndroidManifest.xml:17:13-38
30            android:enabled="true"
30-->src\main\AndroidManifest.xml:18:13-35
31            android:exported="true" >
31-->src\main\AndroidManifest.xml:19:13-36
32            <intent-filter>
32-->src\main\AndroidManifest.xml:20:13-22:29
33                <action android:name="com.example.service.action" />
33-->src\main\AndroidManifest.xml:21:17-68
33-->src\main\AndroidManifest.xml:21:25-66
34            </intent-filter>
35        </service>
36
37        <activity
37-->src\main\AndroidManifest.xml:25:9-34:20
38            android:name="com.example.myaccount.view.MainActivity"
38-->src\main\AndroidManifest.xml:26:13-46
39            android:exported="true"
39-->src\main\AndroidManifest.xml:27:13-36
40            android:launchMode="singleTask" >
40-->src\main\AndroidManifest.xml:28:13-44
41            <intent-filter>
41-->src\main\AndroidManifest.xml:29:13-33:29
42                <action android:name="android.intent.action.MAIN" />
42-->src\main\AndroidManifest.xml:30:17-69
42-->src\main\AndroidManifest.xml:30:25-66
43
44                <category android:name="android.intent.category.LAUNCHER" />
44-->src\main\AndroidManifest.xml:32:17-77
44-->src\main\AndroidManifest.xml:32:27-74
45            </intent-filter>
46        </activity>
47        <activity
47-->src\main\AndroidManifest.xml:35:9-38:55
48            android:name="com.example.myaccount.view.AdminActivity"
48-->src\main\AndroidManifest.xml:36:13-47
49            android:exported="true"
49-->src\main\AndroidManifest.xml:37:13-36
50            android:launchMode="singleTop" />
50-->src\main\AndroidManifest.xml:38:13-43
51        <activity
51-->src\main\AndroidManifest.xml:39:9-42:55
52            android:name="com.example.myaccount.view.AdminLoginActivity"
52-->src\main\AndroidManifest.xml:40:13-52
53            android:exported="true"
53-->src\main\AndroidManifest.xml:41:13-36
54            android:launchMode="singleTop" />
54-->src\main\AndroidManifest.xml:42:13-43
55        <activity
55-->src\main\AndroidManifest.xml:43:9-46:55
56            android:name="com.example.myaccount.view.UserLoginActivity"
56-->src\main\AndroidManifest.xml:44:13-51
57            android:exported="true"
57-->src\main\AndroidManifest.xml:45:13-36
58            android:launchMode="singleTop" />
58-->src\main\AndroidManifest.xml:46:13-43
59        <activity
59-->src\main\AndroidManifest.xml:47:9-50:55
60            android:name="com.example.myaccount.view.UserRegisterActivity"
60-->src\main\AndroidManifest.xml:48:13-54
61            android:exported="true"
61-->src\main\AndroidManifest.xml:49:13-36
62            android:launchMode="singleTop" />
62-->src\main\AndroidManifest.xml:50:13-43
63        <activity
63-->src\main\AndroidManifest.xml:51:9-54:55
64            android:name="com.example.myaccount.view.UserChangeActivity"
64-->src\main\AndroidManifest.xml:52:13-52
65            android:exported="true"
65-->src\main\AndroidManifest.xml:53:13-36
66            android:launchMode="singleTop" />
66-->src\main\AndroidManifest.xml:54:13-43
67
68        <provider
68-->src\main\AndroidManifest.xml:55:9-59:39
69            android:name="com.example.myaccount.bean.UserProvider"
69-->src\main\AndroidManifest.xml:56:13-46
70            android:authorities="com.example.myaccount"
70-->src\main\AndroidManifest.xml:57:13-56
71            android:enabled="true"
71-->src\main\AndroidManifest.xml:58:13-35
72            android:exported="true" />
72-->src\main\AndroidManifest.xml:59:13-36
73    </application>
74
75</manifest>